<?xml version="1.0" encoding="UTF-8"?>
<!-- Generated by org.testng.reporters.JUnitXMLReporter -->
<testsuite ignored="0" hostname="LAPTOP-L1GLGRDL" failures="1" tests="1" name="Default test" time="15.802" errors="0" timestamp="2024-04-15T13:46:25 IST">
  <testcase classname="io.cucumber.testng.AbstractTestNGCucumberTests" name="runScenario" time="15.354">
    <failure type="java.lang.NullPointerException" message="Cannot invoke &amp;quot;pageObjects.IplHomePage.hitURL(String)&amp;quot; because &amp;quot;this.iplhomepage&amp;quot; is null">
      <![CDATA[java.lang.NullPointerException: Cannot invoke "pageObjects.IplHomePage.hitURL(String)" because "this.iplhomepage" is null
at stepDefinitions.openNewTab.i_want_to_open_new_tab(openNewTab.java:37)
at ✽.I want to open new tab(file:///C:/Users/vnkt5/eclipse-workspace/GoogleCucumberFramework/src/test/java/features/searchGoogle.feature:9)
]]>
    </failure>
  </testcase> <!-- runScenario -->
</testsuite> <!-- Default test -->
