<?xml version="1.0" encoding="UTF-8"?>
<!-- Generated by org.testng.reporters.JUnitReportReporter -->
<testsuite hostname="LAPTOP-L1GLGRDL" failures="0" tests="1" name="cucumberOptions.TestNGTestRunner" time="15.354" errors="1" timestamp="2024-04-15T13:46:25 IST" skipped="0">
  <testcase classname="cucumberOptions.TestNGTestRunner" name="runScenario" time="15.354">
    <error message="Cannot invoke &quot;pageObjects.IplHomePage.hitURL(String)&quot; because &quot;this.iplhomepage&quot; is null" type="java.lang.NullPointerException">
      <![CDATA[java.lang.NullPointerException: Cannot invoke "pageObjects.IplHomePage.hitURL(String)" because "this.iplhomepage" is null
at stepDefinitions.openNewTab.i_want_to_open_new_tab(openNewTab.java:37)
at ✽.I want to open new tab(file:///C:/Users/vnkt5/eclipse-workspace/GoogleCucumberFramework/src/test/java/features/searchGoogle.feature:9)
]]>
    </error>
  </testcase> <!-- runScenario -->
  <system-out/>
</testsuite> <!-- cucumberOptions.TestNGTestRunner -->
